<?xml version="1.0" encoding="UTF-8"?>
<!-- Generated by org.testng.reporters.JUnitXMLReporter -->
<testsuite hostname="DESKTOP-7N24BN2" failures="0" tests="4" name="Test" time="54.303" errors="0" timestamp="12 Jun 2025 19:18:27 GMT">
  <testcase classname="test_cases.ParallelTestExample" name="Test2" time="18.238"/>
  <testcase classname="test_cases.ParallelTestExample" name="Test1" time="19.278"/>
  <testcase classname="test_cases.ParallelTestExample" name="Test3" time="33.649"/>
  <testcase classname="test_cases.ParallelTestExample" name="Test4" time="54.253"/>
</testsuite> <!-- Test -->
