<?xml version="1.0" encoding="UTF-8"?>
<testng-results total="4" passed="4" failed="0" skipped="0">
  <reporter-output>
  </reporter-output>
  <suite started-at="2025-06-12T19:17:32Z" name="Suite" finished-at="2025-06-12T19:18:27Z" duration-ms="54303">
    <groups>
    </groups>
    <test started-at="2025-06-12T19:17:32Z" name="Test" finished-at="2025-06-12T19:18:27Z" duration-ms="54303">
      <class name="test_cases.ParallelTestExample">
        <test-method signature="Test2()[pri:0, instance:test_cases.ParallelTestExample@5386659f]" started-at="2025-06-12T20:17:33Z" name="Test2" finished-at="2025-06-12T20:17:51Z" duration-ms="18238" status="PASS">
          <reporter-output>
          </reporter-output>
        </test-method> <!-- Test2 -->
        <test-method signature="Test3()[pri:0, instance:test_cases.ParallelTestExample@5386659f]" started-at="2025-06-12T20:17:33Z" name="Test3" finished-at="2025-06-12T20:18:06Z" duration-ms="33649" status="PASS">
          <reporter-output>
          </reporter-output>
        </test-method> <!-- Test3 -->
        <test-method signature="Test4()[pri:0, instance:test_cases.ParallelTestExample@5386659f]" started-at="2025-06-12T20:17:33Z" name="Test4" finished-at="2025-06-12T20:18:27Z" duration-ms="54253" status="PASS">
          <reporter-output>
          </reporter-output>
        </test-method> <!-- Test4 -->
        <test-method signature="Test1()[pri:0, instance:test_cases.ParallelTestExample@5386659f]" started-at="2025-06-12T20:17:33Z" name="Test1" finished-at="2025-06-12T20:17:52Z" duration-ms="19278" status="PASS">
          <reporter-output>
          </reporter-output>
        </test-method> <!-- Test1 -->
      </class> <!-- test_cases.ParallelTestExample -->
    </test> <!-- Test -->
  </suite> <!-- Suite -->
</testng-results>
